0 info it worked if it ends with ok
1 verbose cli [ '/Users/bharath/.nvm/versions/node/v5.6.0/bin/node',
1 verbose cli   '/Users/bharath/.nvm/versions/node/v5.6.0/bin/npm',
1 verbose cli   'start' ]
2 info using npm@3.6.0
3 info using node@v5.6.0
4 verbose run-script [ 'prestart', 'start', 'poststart' ]
5 info lifecycle bigomega.github.io@0.1.0~prestart: bigomega.github.io@0.1.0
6 silly lifecycle bigomega.github.io@0.1.0~prestart: no script for prestart, continuing
7 info lifecycle bigomega.github.io@0.1.0~start: bigomega.github.io@0.1.0
8 verbose lifecycle bigomega.github.io@0.1.0~start: unsafe-perm in lifecycle true
9 verbose lifecycle bigomega.github.io@0.1.0~start: PATH: /Users/bharath/.nvm/versions/node/v5.6.0/lib/node_modules/npm/bin/node-gyp-bin:/Users/bharath/bigomega.github.io/node_modules/.bin:/Users/bharath/.rbenv/shims:/Users/bharath/.nvm/versions/node/v5.6.0/bin:/usr/local/heroku/bin:/opt/local/bin:/opt/local/sbin:/usr/local/bin:/usr/local/sbin:~/node_modules/.bin:/usr/local/share/npm/bin:/usr/local/Library/Aliases:/Users/bharath/.rvm/gems/ruby-2.0.0-p481/bin:/Users/bharath/.rvm/gems/ruby-2.0.0-p481@global/bin:/Users/bharath/.rvm/rubies/ruby-2.0.0-p481/bin:/usr/bin:/bin:/usr/sbin:/sbin:/usr/local/bin:/usr/X11/bin:/opt/X11/bin:/usr/local/git/bin:/opt/sm/bin:/opt/sm/pkg/active/bin:/opt/sm/pkg/active/sbin:/Users/bharath/.rvm/bin:/Users/bharath/.rvm/bin:/Users/bharath/.rvm/bin
10 verbose lifecycle bigomega.github.io@0.1.0~start: CWD: /Users/bharath/bigomega.github.io
11 silly lifecycle bigomega.github.io@0.1.0~start: Args: [ '-c', 'python -m SimpleHTTPServer' ]
12 silly lifecycle bigomega.github.io@0.1.0~start: Returned: code: 1  signal: null
13 info lifecycle bigomega.github.io@0.1.0~start: Failed to exec start script
14 verbose stack Error: bigomega.github.io@0.1.0 start: `python -m SimpleHTTPServer`
14 verbose stack Exit status 1
14 verbose stack     at EventEmitter.<anonymous> (/Users/bharath/.nvm/versions/node/v5.6.0/lib/node_modules/npm/lib/utils/lifecycle.js:232:16)
14 verbose stack     at emitTwo (events.js:100:13)
14 verbose stack     at EventEmitter.emit (events.js:185:7)
14 verbose stack     at ChildProcess.<anonymous> (/Users/bharath/.nvm/versions/node/v5.6.0/lib/node_modules/npm/lib/utils/spawn.js:24:14)
14 verbose stack     at emitTwo (events.js:100:13)
14 verbose stack     at ChildProcess.emit (events.js:185:7)
14 verbose stack     at maybeClose (internal/child_process.js:827:16)
14 verbose stack     at Process.ChildProcess._handle.onexit (internal/child_process.js:211:5)
15 verbose pkgid bigomega.github.io@0.1.0
16 verbose cwd /Users/bharath/bigomega.github.io
17 error Darwin 14.5.0
18 error argv "/Users/bharath/.nvm/versions/node/v5.6.0/bin/node" "/Users/bharath/.nvm/versions/node/v5.6.0/bin/npm" "start"
19 error node v5.6.0
20 error npm  v3.6.0
21 error code ELIFECYCLE
22 error bigomega.github.io@0.1.0 start: `python -m SimpleHTTPServer`
22 error Exit status 1
23 error Failed at the bigomega.github.io@0.1.0 start script 'python -m SimpleHTTPServer'.
23 error Make sure you have the latest version of node.js and npm installed.
23 error If you do, this is most likely a problem with the bigomega.github.io package,
23 error not with npm itself.
23 error Tell the author that this fails on your system:
23 error     python -m SimpleHTTPServer
23 error You can get information on how to open an issue for this project with:
23 error     npm bugs bigomega.github.io
23 error Or if that isn't available, you can get their info via:
23 error     npm owner ls bigomega.github.io
23 error There is likely additional logging output above.
24 verbose exit [ 1, true ]
